2025-06-14 20:28:12,634 - INFO - Checking CSV format...
2025-06-14 20:28:12,649 - INFO - Starting product import process...
2025-06-14 20:28:12,649 - INFO - Using CSV file: d:\Woo-Kit\Backend\examples\products copy.csv
2025-06-14 20:28:12,649 - ERROR - Error importing products from d:\Woo-Kit\Backend\examples\products copy.csv: read_csv() got an unexpected keyword argument 'error_bad_lines'. Did you mean 'on_bad_lines'?
2025-06-14 20:28:12,650 - INFO - Trying alternative CSV parsing method...
2025-06-14 20:28:12,650 - INFO - Successfully loaded 7 rows using alternative method
2025-06-14 20:28:12,650 - DEBUG - Found 2 simple products and 1 variable products
2025-06-14 20:28:12,657 - DEBUG - Starting new HTTPS connection (1): test-site.local:443
2025-06-14 20:28:13,175 - DEBUG - https://test-site.local:443 "GET /wp-json/wc/v3/products/categories?slug=Clothing HTTP/1.1" 200 None
2025-06-14 20:28:13,176 - DEBUG - Starting new HTTPS connection (1): test-site.local:443
2025-06-14 20:28:13,307 - DEBUG - https://test-site.local:443 "GET /wp-json/wc/v3/products/categories?slug=T-Shirts HTTP/1.1" 200 None
2025-06-14 20:28:13,309 - DEBUG - Starting new HTTPS connection (1): test-site.local:443
2025-06-14 20:28:13,803 - DEBUG - https://test-site.local:443 "POST /wp-json/wc/v3/products HTTP/1.1" 201 None
2025-06-14 20:28:13,804 - INFO - Created simple product: Basic T-Shirt (ID: 640)
2025-06-14 20:28:13,805 - DEBUG - Starting new HTTPS connection (1): test-site.local:443
2025-06-14 20:28:13,939 - DEBUG - https://test-site.local:443 "GET /wp-json/wc/v3/products/categories?slug=Food HTTP/1.1" 200 None
2025-06-14 20:28:13,941 - DEBUG - Starting new HTTPS connection (1): test-site.local:443
2025-06-14 20:28:14,074 - DEBUG - https://test-site.local:443 "GET /wp-json/wc/v3/products/categories?slug=Beverages HTTP/1.1" 200 None
2025-06-14 20:28:14,075 - DEBUG - Starting new HTTPS connection (1): test-site.local:443
2025-06-14 20:28:14,553 - DEBUG - https://test-site.local:443 "POST /wp-json/wc/v3/products HTTP/1.1" 201 None
2025-06-14 20:28:14,554 - INFO - Created simple product: Organic Coffee (ID: 641)
2025-06-14 20:28:14,555 - DEBUG - Processing variable product Premium Hoodie with 4 variations
2025-06-14 20:28:14,555 - DEBUG - Processing variable product: Premium Hoodie
2025-06-14 20:28:14,555 - DEBUG - Found 4 variations
2025-06-14 20:28:14,555 - DEBUG - Parent attribute: Color with values: ['Red', 'Blue', 'Green']
2025-06-14 20:28:14,555 - DEBUG - Parent attribute: Size with values: ['S', 'M', 'L', 'XL']
2025-06-14 20:28:14,555 - DEBUG - Parent attribute: Material with values: ['Cotton', 'Polyester']
2025-06-14 20:28:14,555 - DEBUG - Variation attribute: Color with value: Red
2025-06-14 20:28:14,556 - DEBUG - Variation attribute: Size with value: S
2025-06-14 20:28:14,556 - DEBUG - Variation attribute: Color with value: Red
2025-06-14 20:28:14,556 - DEBUG - Variation attribute: Size with value: M
2025-06-14 20:28:14,556 - DEBUG - Variation attribute: Color with value: Blue
2025-06-14 20:28:14,556 - DEBUG - Variation attribute: Size with value: L
2025-06-14 20:28:14,556 - DEBUG - Variation attribute: Color with value: Green
2025-06-14 20:28:14,556 - DEBUG - Variation attribute: Size with value: XL
2025-06-14 20:28:14,557 - DEBUG - Creating variable product with 3 attributes
2025-06-14 20:28:14,558 - DEBUG - Starting new HTTPS connection (1): test-site.local:443
2025-06-14 20:28:14,681 - DEBUG - https://test-site.local:443 "GET /wp-json/wc/v3/products/categories?slug=Clothing HTTP/1.1" 200 None
2025-06-14 20:28:14,683 - DEBUG - Starting new HTTPS connection (1): test-site.local:443
2025-06-14 20:28:14,818 - DEBUG - https://test-site.local:443 "GET /wp-json/wc/v3/products/categories?slug=Hoodies HTTP/1.1" 200 None
2025-06-14 20:28:14,820 - DEBUG - Starting new HTTPS connection (1): test-site.local:443
2025-06-14 20:28:15,160 - DEBUG - https://test-site.local:443 "POST /wp-json/wc/v3/products HTTP/1.1" 201 None
2025-06-14 20:28:15,161 - INFO - Created variable product: Premium Hoodie (ID: 642) with 3 attributes
2025-06-14 20:28:15,162 - DEBUG - Starting new HTTPS connection (1): test-site.local:443
2025-06-14 20:28:15,468 - DEBUG - https://test-site.local:443 "POST /wp-json/wc/v3/products/642/variations HTTP/1.1" 201 None
2025-06-14 20:28:15,469 - INFO - Created variation for product ID 642: 643
2025-06-14 20:28:15,470 - DEBUG - Starting new HTTPS connection (1): test-site.local:443
2025-06-14 20:28:15,757 - DEBUG - https://test-site.local:443 "POST /wp-json/wc/v3/products/642/variations HTTP/1.1" 201 None
2025-06-14 20:28:15,758 - INFO - Created variation for product ID 642: 644
2025-06-14 20:28:15,759 - DEBUG - Starting new HTTPS connection (1): test-site.local:443
2025-06-14 20:28:16,056 - DEBUG - https://test-site.local:443 "POST /wp-json/wc/v3/products/642/variations HTTP/1.1" 201 None
2025-06-14 20:28:16,057 - INFO - Created variation for product ID 642: 645
2025-06-14 20:28:16,058 - DEBUG - Starting new HTTPS connection (1): test-site.local:443
2025-06-14 20:28:16,354 - DEBUG - https://test-site.local:443 "POST /wp-json/wc/v3/products/642/variations HTTP/1.1" 201 None
2025-06-14 20:28:16,354 - INFO - Created variation for product ID 642: 646
2025-06-14 20:28:16,355 - INFO - Import completed in 3.71 seconds
2025-06-14 20:28:16,355 - INFO - Successfully created 3 products
2025-06-14 20:28:16,355 - INFO -   - Basic T-Shirt (ID: 640, Type: simple)
2025-06-14 20:28:16,355 - INFO -   - Organic Coffee (ID: 641, Type: simple)
2025-06-14 20:28:16,355 - INFO -   - Premium Hoodie (ID: 642, Type: variable)
2025-06-14 20:28:16,355 - INFO - Product import complete!
2025-06-14 20:28:16,355 - INFO - Check the log file for details: product_import_20250614_202812.log
