2025-06-14 20:05:50,030 - INFO - Starting product import process...
2025-06-14 20:05:50,030 - INFO - Using CSV file: d:\Woo-Kit\Backend\examples\products copy.csv
2025-06-14 20:05:50,047 - ERROR - Row 2: Error processing product: 1 validation error for Product
regular_price
  Input should be a valid string [type=string_type, input_value=19.99, input_type=float]
    For further information visit https://errors.pydantic.dev/2.11/v/string_type
2025-06-14 20:05:50,047 - ERROR - Row 3: Error processing product: 1 validation error for Product
  Value error, Variable products must have attributes [type=value_error, input_value={'name': 'Premium Hoodie'...odie', 'attributes': []}, input_type=dict]
    For further information visit https://errors.pydantic.dev/2.11/v/value_error
2025-06-14 20:05:50,047 - ERROR - Row 4: Variation found without a parent variable product
2025-06-14 20:05:50,047 - ERROR - Row 5: Variation found without a parent variable product
2025-06-14 20:05:50,047 - ERROR - Row 6: Variation found without a parent variable product
2025-06-14 20:05:50,047 - ERROR - Row 7: Variation found without a parent variable product
2025-06-14 20:05:50,048 - ERROR - Row 8: Error processing product: 1 validation error for Product
regular_price
  Input should be a valid string [type=string_type, input_value=10.99, input_type=float]
    For further information visit https://errors.pydantic.dev/2.11/v/string_type
2025-06-14 20:05:50,048 - INFO - Import completed in 0.02 seconds
2025-06-14 20:05:50,048 - INFO - Successfully created 0 products
2025-06-14 20:05:50,048 - WARNING - Failed to create 7 products/variations
2025-06-14 20:05:50,048 - WARNING -   - Row 2: 1 validation error for Product
regular_price
  Input should be a valid string [type=string_type, input_value=19.99, input_type=float]
    For further information visit https://errors.pydantic.dev/2.11/v/string_type
2025-06-14 20:05:50,048 - WARNING -   - Row 3: 1 validation error for Product
  Value error, Variable products must have attributes [type=value_error, input_value={'name': 'Premium Hoodie'...odie', 'attributes': []}, input_type=dict]
    For further information visit https://errors.pydantic.dev/2.11/v/value_error
2025-06-14 20:05:50,048 - WARNING -   - Row 4: Variation found without a parent variable product
2025-06-14 20:05:50,048 - WARNING -   - Row 5: Variation found without a parent variable product
2025-06-14 20:05:50,049 - WARNING -   - Row 6: Variation found without a parent variable product
2025-06-14 20:05:50,049 - WARNING -   - Row 7: Variation found without a parent variable product
2025-06-14 20:05:50,049 - WARNING -   - Row 8: 1 validation error for Product
regular_price
  Input should be a valid string [type=string_type, input_value=10.99, input_type=float]
    For further information visit https://errors.pydantic.dev/2.11/v/string_type
2025-06-14 20:05:50,049 - INFO - Product import complete!
2025-06-14 20:05:50,049 - INFO - Check the log file for details: product_import_20250614_200550.log
