2025-06-14 20:15:00,023 - INFO - Starting product import process...
2025-06-14 20:15:00,023 - INFO - Using CSV file: d:\Woo-Kit\Backend\examples\products copy.csv
2025-06-14 20:15:02,077 - INFO - Created simple product: Basic T-Shirt (ID: 633)
2025-06-14 20:15:02,081 - ERROR - Row 3: Error processing product: 1 validation error for Product
  Value error, Variable products must have attributes [type=value_error, input_value={'name': 'Premium Hoodie'...': 'Soft cotton hoodie'}, input_type=dict]
    For further information visit https://errors.pydantic.dev/2.11/v/value_error
2025-06-14 20:15:02,081 - ERROR - Row 4: Variation found without a parent variable product
2025-06-14 20:15:02,081 - ERROR - Row 5: Variation found without a parent variable product
2025-06-14 20:15:02,081 - ERROR - Row 6: Variation found without a parent variable product
2025-06-14 20:15:02,082 - ERROR - Row 7: Variation found without a parent variable product
2025-06-14 20:15:02,843 - INFO - Created simple product: Organic Coffee (ID: 634)
2025-06-14 20:15:02,844 - INFO - Import completed in 2.82 seconds
2025-06-14 20:15:02,844 - INFO - Successfully created 2 products
2025-06-14 20:15:02,844 - INFO -   - Basic T-Shirt (ID: 633, Type: simple)
2025-06-14 20:15:02,844 - INFO -   - Organic Coffee (ID: 634, Type: simple)
2025-06-14 20:15:02,845 - WARNING - Failed to create 5 products/variations
2025-06-14 20:15:02,845 - WARNING -   - Row 3: 1 validation error for Product
  Value error, Variable products must have attributes [type=value_error, input_value={'name': 'Premium Hoodie'...': 'Soft cotton hoodie'}, input_type=dict]
    For further information visit https://errors.pydantic.dev/2.11/v/value_error
2025-06-14 20:15:02,845 - WARNING -   - Row 4: Variation found without a parent variable product
2025-06-14 20:15:02,845 - WARNING -   - Row 5: Variation found without a parent variable product
2025-06-14 20:15:02,845 - WARNING -   - Row 6: Variation found without a parent variable product
2025-06-14 20:15:02,845 - WARNING -   - Row 7: Variation found without a parent variable product
2025-06-14 20:15:02,845 - INFO - Product import complete!
2025-06-14 20:15:02,845 - INFO - Check the log file for details: product_import_20250614_201500.log
