2025-06-14 20:25:30,249 - INFO - Starting product import process...
2025-06-14 20:25:30,249 - INFO - Using CSV file: d:\Woo-Kit\Backend\examples\products copy.csv
2025-06-14 20:25:30,258 - ERROR - Error importing products from d:\Woo-Kit\Backend\examples\products copy.csv: Error tokenizing data. C error: Expected 29 fields in line 4, saw 30

2025-06-14 20:25:30,259 - ERROR - Error during import: Error tokenizing data. C error: Expected 29 fields in line 4, saw 30

2025-06-14 20:25:30,383 - ERROR - Traceback (most recent call last):
  File "d:\Woo-Kit\Backend\examples\bulk_product_import_example.py", line 71, in import_products
    results = importer.import_from_file(csv_file)
  File "d:\Woo-Kit\Backend\models\csv_product_importer.py", line 61, in import_from_file
    df = pd.read_csv(file_path, delimiter=delimiter)
  File "C:\Users\Ali\AppData\Local\Programs\Python\Python313\Lib\site-packages\pandas\io\parsers\readers.py", line 1026, in read_csv
    return _read(filepath_or_buffer, kwds)
  File "C:\Users\Ali\AppData\Local\Programs\Python\Python313\Lib\site-packages\pandas\io\parsers\readers.py", line 626, in _read
    return parser.read(nrows)
           ~~~~~~~~~~~^^^^^^^
  File "C:\Users\Ali\AppData\Local\Programs\Python\Python313\Lib\site-packages\pandas\io\parsers\readers.py", line 1923, in read
    ) = self._engine.read(  # type: ignore[attr-defined]
        ~~~~~~~~~~~~~~~~~^^^^^^^^^^^^^^^^^^^^^^^^^^^^^^^
        nrows
        ^^^^^
    )
    ^
  File "C:\Users\Ali\AppData\Local\Programs\Python\Python313\Lib\site-packages\pandas\io\parsers\c_parser_wrapper.py", line 234, in read
    chunks = self._reader.read_low_memory(nrows)
  File "parsers.pyx", line 838, in pandas._libs.parsers.TextReader.read_low_memory
  File "parsers.pyx", line 905, in pandas._libs.parsers.TextReader._read_rows
  File "parsers.pyx", line 874, in pandas._libs.parsers.TextReader._tokenize_rows
  File "parsers.pyx", line 891, in pandas._libs.parsers.TextReader._check_tokenize_status
  File "parsers.pyx", line 2061, in pandas._libs.parsers.raise_parser_error
pandas.errors.ParserError: Error tokenizing data. C error: Expected 29 fields in line 4, saw 30


